[15:16:33] [main/INFO] (FabricLoader/GameProvider) Loading Minecraft 1.20.1 with Fabric Loader 0.14.21
[15:16:33] [main/DEBUG] (FabricLoader/GamePatch) Found game constructor: net.minecraft.client.main.Main -> net.minecraft.client.MinecraftClient
[15:16:33] [main/DEBUG] (FabricLoader/GamePatch) Patching game constructor <init>(Lnet/minecraft/client/RunArgs;)V
[15:16:33] [main/DEBUG] (FabricLoader/GamePatch) Run directory field is thought to be net/minecraft/client/MinecraftClient/runDirectory
[15:16:33] [main/DEBUG] (FabricLoader/GamePatch) Applying brand name hook to net/minecraft/client/ClientBrandRetriever::getClientModName
[15:16:33] [main/DEBUG] (FabricLoader/GamePatch) Applying brand name hook to net/minecraft/server/MinecraftServer::getServerModName
[15:16:33] [main/DEBUG] (FabricLoader/GamePatch) Patched 3 classs
[15:16:33] [main/DEBUG] (FabricLoader/Discovery) Mod discovery time: 109,3 ms
[15:16:34] [main/WARN] (FabricLoader/Resolution) Mod resolution failed
[15:16:34] [main/INFO] (FabricLoader/Resolution) Immediate reason: [HARD_DEP_NO_CANDIDATE bclib 3.0.9 {depends wunderlib @ [1.1.x]}, ROOT_FORCELOAD_SINGLE bclib 3.0.9]
[15:16:34] [main/INFO] (FabricLoader/Resolution) Reason: [HARD_DEP bclib 3.0.9 {depends wunderlib @ [1.1.x]}]
[15:16:34] [main/INFO] (FabricLoader/Resolution) Fix: add [], remove [betterend 4.0.5, betternether 9.0.5], replace [[bclib 3.0.9] -> add:bclib 3.0- ([(-?,?)])]
[15:16:34] [main/ERROR] (FabricLoader) Incompatible mod set!
net.fabricmc.loader.impl.FormattedException: Mod resolution encountered an incompatible mod set!
A potential solution has been determined:
	 - Remove mod 'Better End' (betterend) 4.0.5 (D:\SONY\MODS\SkyBlock-1.19.3\.gradle\loom-cache\remapped_mods\net_fabricmc_yarn_1_20_1_1_20_1_build_3_v2\unspecified\better-end-4.0.5\aabbb1ac71f7\better-end-4.0.5-aabbb1ac71f7.jar).
	 - Remove mod 'Better Nether' (betternether) 9.0.5 (D:\SONY\MODS\SkyBlock-1.19.3\.gradle\loom-cache\remapped_mods\net_fabricmc_yarn_1_20_1_1_20_1_build_3_v2\unspecified\better-nether-9.0.5\3b9f09625dad\better-nether-9.0.5-3b9f09625dad.jar).
	 - Replace mod 'BCLib' (bclib) 3.0.9 with any version that is compatible with:
		 - Other constraints that can''t be automatically determined
Unmet dependency listing:
	 - Mod 'BCLib' (bclib) 3.0.9 requires any 1.1.x version of wunderlib, which is missing!
	at net.fabricmc.loader.impl.FormattedException.ofLocalized(FormattedException.java:51) ~[fabric-loader-0.14.21.jar:?]
	at net.fabricmc.loader.impl.FabricLoaderImpl.load(FabricLoaderImpl.java:192) ~[fabric-loader-0.14.21.jar:?]
	at net.fabricmc.loader.impl.launch.knot.Knot.init(Knot.java:148) ~[fabric-loader-0.14.21.jar:?]
	at net.fabricmc.loader.impl.launch.knot.Knot.launch(Knot.java:68) ~[fabric-loader-0.14.21.jar:?]
	at net.fabricmc.loader.impl.launch.knot.KnotClient.main(KnotClient.java:23) ~[fabric-loader-0.14.21.jar:?]
	at net.fabricmc.devlaunchinjector.Main.main(Main.java:86) ~[?:?]
