[16:10:00] [main/INFO] (FabricLoader/GameProvider) Loading Minecraft 1.19.3 with Fabric Loader 0.14.11
[16:10:01] [main/INFO] (FabricLoader) Loading 48 mods:
	- bclib 2.2.4
	- betterend 3.1.2
	- fabric-api 0.74.0+1.19.3
	- fabric-api-base 0.4.21+70be179c85
	- fabric-api-lookup-api-v1 1.6.20+49abcf7e85
	- fabric-biome-api-v1 12.1.1+b5d379b085
	- fabric-block-api-v1 1.0.5+e022e5d185
	- fabric-blockrenderlayer-v1 1.1.30+c6af733c85
	- fabric-client-tags-api-v1 1.0.12+1134c5b885
	- fabric-command-api-v2 2.2.1+3fc4752e85
	- fabric-content-registries-v0 3.5.1+1d37d50285
	- fabric-convention-tags-v1 1.2.2+8e4e694f85
	- fabric-crash-report-info-v1 0.2.14+aeb40ebe85
	- fabric-data-generation-api-v1 11.3.0+40dc7a9485
	- fabric-dimensions-v1 2.1.42+00a2eb1085
	- fabric-entity-events-v1 1.5.7+b83334a085
	- fabric-events-interaction-v0 0.4.40+3baeb27a85
	- fabric-game-rule-api-v1 1.0.30+99f9db8085
	- fabric-gametest-api-v1 1.2.0+2ff127f585
	- fabric-item-api-v1 2.1.10+312c329485
	- fabric-item-group-api-v1 2.1.12+1134c5b885
	- fabric-key-binding-api-v1 1.0.31+bc01e09785
	- fabric-lifecycle-events-v1 2.2.10+23a79c8a85
	- fabric-loot-api-v2 1.1.20+75e9821185
	- fabric-message-api-v1 5.0.14+6ede1da985
	- fabric-mining-level-api-v1 2.1.31+49abcf7e85
	- fabric-models-v0 0.3.27+11ba9c3b85
	- fabric-networking-api-v1 1.2.17+4017a8cb85
	- fabric-object-builder-api-v1 5.4.1+eb2a3ba985
	- fabric-particles-v1 1.0.20+f1e4495b85
	- fabric-recipe-api-v1 1.0.1+5176f73d85
	- fabric-registry-sync-v0 2.0.5+1134c5b885
	- fabric-renderer-api-v1 2.2.1+9f179aa185
	- fabric-renderer-indigo 0.7.1+9f179aa185
	- fabric-rendering-data-attachment-v1 0.3.25+afca2f3e85
	- fabric-rendering-fluids-v1 3.0.18+f1e4495b85
	- fabric-rendering-v1 1.12.1+eb2a3ba985
	- fabric-resource-conditions-api-v1 2.3.0+e63306e085
	- fabric-resource-loader-v0 0.10.5+a91e48b785
	- fabric-screen-api-v1 1.0.41+f1e4495b85
	- fabric-screen-handler-api-v1 1.3.13+99f9db8085
	- fabric-sound-api-v1 1.0.8+75e9821185
	- fabric-transfer-api-v1 2.1.15+ccd377ba85
	- fabric-transitive-access-wideners-v1 2.3.1+40dc7a9485
	- fabricloader 0.14.11
	- java 17
	- minecraft 1.19.3
	- skyblock 0.0.1-1.19
[16:10:01] [main/INFO] (FabricLoader/Mixin) SpongePowered MIXIN Subsystem Version=0.8.5 Source=file:/C:/Users/totha/.gradle/caches/modules-2/files-2.1/net.fabricmc/sponge-mixin/0.11.4+mixin.0.8.5/c1dc27696aa4006e492c2485c9ccbcb26045a971/sponge-mixin-0.11.4+mixin.0.8.5.jar Service=Knot/Fabric Env=CLIENT
[16:10:02] [main/INFO] (FabricLoader/Mixin) Loaded Fabric development mappings for mixin remapper!
[16:10:02] [main/INFO] (FabricLoader/Mixin) Compatibility level set to JAVA_16
[16:10:02] [main/INFO] (FabricLoader/Mixin) Compatibility level set to JAVA_17
[16:10:04] [main/ERROR] (FabricLoader/Mixin) bclib.mixins.client.json:AnvilScreenMixin from mod bclib: method_25402 does not exist in target interface net.minecraft.client.gui.ParentElement
org.spongepowered.asm.mixin.transformer.throwables.InvalidMixinException: method_25402 does not exist in target interface net.minecraft.client.gui.ParentElement
	at org.spongepowered.asm.mixin.transformer.InterfaceInfo.renameMethod(InterfaceInfo.java:188) ~[sponge-mixin-0.11.4+mixin.0.8.5.jar:0.11.4+mixin.0.8.5]
	at org.spongepowered.asm.mixin.transformer.MixinPreProcessorStandard.prepareSoftImplements(MixinPreProcessorStandard.java:234) ~[sponge-mixin-0.11.4+mixin.0.8.5.jar:0.11.4+mixin.0.8.5]
	at org.spongepowered.asm.mixin.transformer.MixinPreProcessorStandard.prepareMethod(MixinPreProcessorStandard.java:215) ~[sponge-mixin-0.11.4+mixin.0.8.5.jar:0.11.4+mixin.0.8.5]
	at org.spongepowered.asm.mixin.transformer.MixinPreProcessorStandard.prepare(MixinPreProcessorStandard.java:184) ~[sponge-mixin-0.11.4+mixin.0.8.5.jar:0.11.4+mixin.0.8.5]
	at org.spongepowered.asm.mixin.transformer.MixinInfo$State.validateChanges(MixinInfo.java:443) ~[sponge-mixin-0.11.4+mixin.0.8.5.jar:0.11.4+mixin.0.8.5]
	at org.spongepowered.asm.mixin.transformer.MixinInfo$State.validate(MixinInfo.java:343) ~[sponge-mixin-0.11.4+mixin.0.8.5.jar:0.11.4+mixin.0.8.5]
	at org.spongepowered.asm.mixin.transformer.MixinInfo.validate(MixinInfo.java:914) ~[sponge-mixin-0.11.4+mixin.0.8.5.jar:0.11.4+mixin.0.8.5]
	at org.spongepowered.asm.mixin.transformer.MixinConfig.postInitialise(MixinConfig.java:803) ~[sponge-mixin-0.11.4+mixin.0.8.5.jar:0.11.4+mixin.0.8.5]
	at org.spongepowered.asm.mixin.transformer.MixinProcessor.prepareConfigs(MixinProcessor.java:568) ~[sponge-mixin-0.11.4+mixin.0.8.5.jar:0.11.4+mixin.0.8.5]
	at org.spongepowered.asm.mixin.transformer.MixinProcessor.select(MixinProcessor.java:462) ~[sponge-mixin-0.11.4+mixin.0.8.5.jar:0.11.4+mixin.0.8.5]
	at org.spongepowered.asm.mixin.transformer.MixinProcessor.checkSelect(MixinProcessor.java:438) ~[sponge-mixin-0.11.4+mixin.0.8.5.jar:0.11.4+mixin.0.8.5]
	at org.spongepowered.asm.mixin.transformer.MixinProcessor.applyMixins(MixinProcessor.java:290) ~[sponge-mixin-0.11.4+mixin.0.8.5.jar:0.11.4+mixin.0.8.5]
	at org.spongepowered.asm.mixin.transformer.MixinTransformer.transformClass(MixinTransformer.java:234) ~[sponge-mixin-0.11.4+mixin.0.8.5.jar:0.11.4+mixin.0.8.5]
	at org.spongepowered.asm.mixin.transformer.MixinTransformer.transformClassBytes(MixinTransformer.java:202) ~[sponge-mixin-0.11.4+mixin.0.8.5.jar:0.11.4+mixin.0.8.5]
	at net.fabricmc.loader.impl.launch.knot.KnotClassDelegate.getPostMixinClassByteArray(KnotClassDelegate.java:422) ~[fabric-loader-0.14.11.jar:?]
	at net.fabricmc.loader.impl.launch.knot.KnotClassDelegate.tryLoadClass(KnotClassDelegate.java:323) ~[fabric-loader-0.14.11.jar:?]
	at net.fabricmc.loader.impl.launch.knot.KnotClassDelegate.loadClass(KnotClassDelegate.java:218) ~[fabric-loader-0.14.11.jar:?]
	at net.fabricmc.loader.impl.launch.knot.KnotClassLoader.loadClass(KnotClassLoader.java:145) ~[fabric-loader-0.14.11.jar:?]
	at java.lang.ClassLoader.loadClass(ClassLoader.java:520) ~[?:?]
	at net.fabricmc.loader.impl.game.minecraft.MinecraftGameProvider.launch(MinecraftGameProvider.java:454) ~[fabric-loader-0.14.11.jar:?]
	at net.fabricmc.loader.impl.launch.knot.Knot.launch(Knot.java:74) ~[fabric-loader-0.14.11.jar:?]
	at net.fabricmc.loader.impl.launch.knot.KnotClient.main(KnotClient.java:23) ~[fabric-loader-0.14.11.jar:?]
	at net.fabricmc.devlaunchinjector.Main.main(Main.java:86) ~[dev-launch-injector-0.2.1+build.8.jar:?]
[16:10:06] [main/WARN] (FileUtil) Configuration conflict: there is more than one oshi.properties file on the classpath: [jar:file:/C:/Users/totha/.gradle/caches/modules-2/files-2.1/com.github.oshi/oshi-core/6.2.2/54f5efc19bca95d709d9a37d19ffcbba3d21c1a6/oshi-core-6.2.2.jar!/oshi.properties, jar:file:/C:/Users/totha/.gradle/caches/modules-2/files-2.1/com.github.oshi/oshi-core/6.2.2/54f5efc19bca95d709d9a37d19ffcbba3d21c1a6/oshi-core-6.2.2.jar!/oshi.properties]
[16:10:08] [main/WARN] (FileUtil) Configuration conflict: there is more than one oshi.architecture.properties file on the classpath: [jar:file:/C:/Users/totha/.gradle/caches/modules-2/files-2.1/com.github.oshi/oshi-core/6.2.2/54f5efc19bca95d709d9a37d19ffcbba3d21c1a6/oshi-core-6.2.2.jar!/oshi.architecture.properties, jar:file:/C:/Users/totha/.gradle/caches/modules-2/files-2.1/com.github.oshi/oshi-core/6.2.2/54f5efc19bca95d709d9a37d19ffcbba3d21c1a6/oshi-core-6.2.2.jar!/oshi.architecture.properties]
[16:10:17] [main/INFO] (Minecraft) Building optimized datafixer
[16:10:26] [Render thread/INFO] (Minecraft) Environment: authHost='https://authserver.mojang.com', accountsHost='https://api.mojang.com', sessionHost='https://sessionserver.mojang.com', servicesHost='https://api.minecraftservices.com', name='PROD'
[16:10:26] [Render thread/ERROR] (Minecraft) Failed to verify authentication
com.mojang.authlib.exceptions.InvalidCredentialsException: Status: 401
	at com.mojang.authlib.exceptions.MinecraftClientHttpException.toAuthenticationException(MinecraftClientHttpException.java:56) ~[authlib-3.16.29.jar:?]
	at com.mojang.authlib.yggdrasil.YggdrasilUserApiService.fetchProperties(YggdrasilUserApiService.java:156) ~[authlib-3.16.29.jar:?]
	at com.mojang.authlib.yggdrasil.YggdrasilUserApiService.<init>(YggdrasilUserApiService.java:55) ~[authlib-3.16.29.jar:?]
	at com.mojang.authlib.yggdrasil.YggdrasilAuthenticationService.createUserApiService(YggdrasilAuthenticationService.java:161) ~[authlib-3.16.29.jar:?]
	at net.minecraft.client.MinecraftClient.createUserApiService(MinecraftClient.java:724) ~[minecraft-merged-project-root-1.19.3-net.fabricmc.yarn.1_19_3.1.19.3+build.1-v2.jar:?]
	at net.minecraft.client.MinecraftClient.<init>(MinecraftClient.java:437) ~[minecraft-merged-project-root-1.19.3-net.fabricmc.yarn.1_19_3.1.19.3+build.1-v2.jar:?]
	at net.minecraft.client.main.Main.main(Main.java:205) ~[minecraft-merged-project-root-1.19.3-net.fabricmc.yarn.1_19_3.1.19.3+build.1-v2.jar:?]
	at net.minecraft.client.main.Main.main(Main.java:51) ~[minecraft-merged-project-root-1.19.3-net.fabricmc.yarn.1_19_3.1.19.3+build.1-v2.jar:?]
	at net.fabricmc.loader.impl.game.minecraft.MinecraftGameProvider.launch(MinecraftGameProvider.java:461) ~[fabric-loader-0.14.11.jar:?]
	at net.fabricmc.loader.impl.launch.knot.Knot.launch(Knot.java:74) ~[fabric-loader-0.14.11.jar:?]
	at net.fabricmc.loader.impl.launch.knot.KnotClient.main(KnotClient.java:23) ~[fabric-loader-0.14.11.jar:?]
	at net.fabricmc.devlaunchinjector.Main.main(Main.java:86) ~[dev-launch-injector-0.2.1+build.8.jar:?]
Caused by: com.mojang.authlib.exceptions.MinecraftClientHttpException: Status: 401
	at com.mojang.authlib.minecraft.client.MinecraftClient.readInputStream(MinecraftClient.java:87) ~[authlib-3.16.29.jar:?]
	at com.mojang.authlib.minecraft.client.MinecraftClient.get(MinecraftClient.java:48) ~[authlib-3.16.29.jar:?]
	at com.mojang.authlib.yggdrasil.YggdrasilUserApiService.fetchProperties(YggdrasilUserApiService.java:129) ~[authlib-3.16.29.jar:?]
	... 10 more
[16:10:26] [Render thread/INFO] (Minecraft) Setting user: Player871
[16:10:27] [Render thread/INFO] (skyblock) Registering ModBlocks for skyblock
[16:10:27] [Render thread/INFO] (Logger) [bclib] Added Config betterend.entities to auto sync (file hash)
[16:10:27] [Render thread/INFO] (Logger) [bclib] Added Config betterend.blocks to auto sync (file hash)
[16:10:27] [Render thread/INFO] (Logger) [bclib] Added Config betterend.items to auto sync (file hash)
[16:10:27] [Render thread/INFO] (Logger) [bclib] Added Config betterend.biomes to auto sync (file hash)
[16:10:27] [Render thread/INFO] (Logger) [bclib] Added Config betterend.recipes to auto sync (file hash)
[16:10:27] [Render thread/INFO] (Logger) [bclib] Added Config betterend.enchantments to auto sync (file hash)
[16:10:30] [Render thread/INFO] (Logger) [bclib] Added Config bclib.generator to auto sync (file hash)
[16:10:30] [Render thread/INFO] (Logger) [bclib] Added Config bclib.main to auto sync (content diff)
[16:10:30] [Render thread/INFO] (Logger) [bclib] Added Config bclib.recipes to auto sync (file hash)
[16:10:30] [Render thread/INFO] (Logger) [bclib] Added Config bclib.biomes to auto sync (file hash)
[16:10:47] [Thread-2/INFO] (Logger) [bclib] Received Version Info for minecraft=1.19.3, loader=fabric
[16:10:47] [Thread-2/INFO] (Logger) [bclib]  - bclib:2.2.4
[16:10:47] [Thread-2/INFO] (Logger) [bclib]  - betterend:3.1.2
[16:10:47] [Render thread/INFO] (Indigo) [Indigo] Registering Indigo renderer!
[16:10:47] [Render thread/INFO] (Minecraft) Backend library: LWJGL version 3.3.1 SNAPSHOT
[16:10:51] [Render thread/INFO] (Minecraft) Reloading ResourceManager: vanilla, Fabric Mods (Fabric Loot API (v2), Fabric Object Builder API (v1), Fabric Screen Handler API (v1), Fabric Resource Loader (v0), Fabric Message API (v1), Fabric Data Generation API (v1), SkyBlock, Fabric Rendering Fluids (v1), Fabric Game Rule API (v1), Better End, Fabric Item Group API (v1), BCLib, Fabric Sound API (v1), Fabric API, Fabric Rendering Data Attachment (v1), Fabric Entity Events (v1), Fabric Command API (v2), Fabric Key Binding API (v1), Fabric Particles (v1), Fabric Models (v0), Fabric Game Test API (v1), Fabric Mining Level API (v1), Fabric Content Registries (v0), Fabric API Lookup API (v1), Fabric Resource Conditions API (v1), Fabric Renderer API (v1), Fabric Networking API (v1), Fabric Transfer API (v1), Fabric API Base, Fabric Rendering (v1), Fabric Loader, Fabric Screen API (v1), Fabric Renderer - Indigo, Fabric Transitive Access Wideners (v1), Fabric Lifecycle Events (v1), Fabric BlockRenderLayer Registration (v1), Fabric Block API (v1), Fabric Recipe API (v1), Fabric Item API (v1), Fabric Client Tags, Fabric Registry Sync (v0), Fabric Events Interaction (v0), Fabric Crash Report Info (v1), Fabric Biome API (v1), Fabric Dimensions API (v1), Fabric Convention Tags)
[16:10:53] [Render thread/INFO] (skyblock) This line is printed by an example mod mixin!
[16:10:54] [Worker-Main-5/ERROR] (ModNioResourcePack) Invalid path in mod resource-pack fabric:betterend: betterend:textures/item/thermal fungus.png, ignoring
[16:10:55] [Realms Notification Availability checker #1/INFO] (Minecraft) Could not authorize you against Realms server: Invalid session id
[16:11:03] [Worker-Main-5/WARN] (Minecraft) Missing textures in model skyblock:end_grass#:
    minecraft:textures/atlas/blocks.png:minecraft:skyblock/block/end_grass_top
[16:11:03] [Worker-Main-5/WARN] (Minecraft) Missing textures in model skyblock:bluishe_end_stone#:
    minecraft:textures/atlas/blocks.png:minecraft:skyblock/block/bluestone_top
[16:11:03] [Worker-Main-5/WARN] (Minecraft) Missing textures in model skyblock:bluishe_end_stone#inventory:
    minecraft:textures/atlas/blocks.png:minecraft:skyblock/block/bluestone_top
[16:11:03] [Worker-Main-5/WARN] (Minecraft) Missing textures in model skyblock:end_grass#inventory:
    minecraft:textures/atlas/blocks.png:minecraft:skyblock/block/end_grass_top
[16:11:03] [Render thread/WARN] (Minecraft) Missing sound for event: minecraft:item.goat_horn.play
[16:11:03] [Render thread/WARN] (Minecraft) Missing sound for event: minecraft:entity.goat.screaming.horn_break
[16:11:04] [Render thread/INFO] (Minecraft) OpenAL initialized on device OpenAL Soft on Hangszórók (4 - USB PnP Audio Device)
[16:11:04] [Render thread/INFO] (Minecraft) Sound engine started
[16:11:04] [Render thread/INFO] (Minecraft) Created: 2048x1024x4 minecraft:textures/atlas/blocks.png-atlas
[16:11:05] [Render thread/INFO] (Minecraft) Created: 512x256x4 minecraft:textures/atlas/signs.png-atlas
[16:11:05] [Render thread/INFO] (Minecraft) Created: 1024x512x4 minecraft:textures/atlas/banner_patterns.png-atlas
[16:11:05] [Render thread/INFO] (Minecraft) Created: 1024x512x4 minecraft:textures/atlas/shield_patterns.png-atlas
[16:11:05] [Render thread/INFO] (Minecraft) Created: 1024x512x4 minecraft:textures/atlas/chest.png-atlas
[16:11:05] [Render thread/INFO] (Minecraft) Created: 512x256x4 minecraft:textures/atlas/shulker_boxes.png-atlas
[16:11:05] [Render thread/INFO] (Minecraft) Created: 512x256x4 minecraft:textures/atlas/beds.png-atlas
[16:11:06] [Render thread/WARN] (Minecraft) Shader rendertype_entity_translucent_emissive could not find sampler named Sampler2 in the specified shader program.
[16:11:06] [Render thread/INFO] (Minecraft) Created: 512x256x0 minecraft:textures/atlas/particles.png-atlas
[16:11:06] [Render thread/INFO] (Minecraft) Created: 256x256x0 minecraft:textures/atlas/paintings.png-atlas
[16:11:06] [Render thread/INFO] (Minecraft) Created: 256x128x0 minecraft:textures/atlas/mob_effects.png-atlas
[16:11:06] [Render thread/INFO] (skyblock) This line is printed by an example mod mixin!
[16:12:32] [Worker-Bootstrap-2/INFO] (Minecraft) 4445 Datafixer optimizations took 134459 milliseconds
[16:12:33] [Render thread/ERROR] (Logger) [worlds_together] Tried to read from global registry!
[16:12:33] [Render thread/ERROR] (Logger) [worlds_together] Tried to read from global registry!
[16:12:33] [Render thread/ERROR] (Logger) [worlds_together] No valid registry found!
[16:12:33] [Render thread/INFO] (Logger) [bclib] Running Pre Patchers on D:\SONY\MODS\SkyBlock-1.19.3\run\saves\New World (1)\.
[16:12:33] [Render thread/INFO] (Logger) [DataFixerAPI] Everything up to date
[16:12:34] [Render thread/INFO] (Logger) [bclib] Updating Pickers for BCLib - The End  BiomeSource (1663b46a)
[16:12:34] [Render thread/INFO] (Logger) [bclib] Unable to build Biome List yet
[16:12:34] [Render thread/INFO] (Logger) [bclib] No Void Biomes found. Disabling by using barrens
[16:12:34] [Render thread/INFO] (Logger) [bclib] No Barrens Biomes found. Disabling by using land Biomes
[16:12:34] [Render thread/WARN] (Logger) [bclib] No Center Island Biomes found. Forcing use of vanilla center.
[16:12:34] [Render thread/INFO] (Logger) [bclib] Updating Pickers for BCLib - Nether BiomeSource (770b4097)
[16:12:34] [Render thread/INFO] (Logger) [bclib] Unable to build Biome List yet
[16:12:34] [Render thread/INFO] (Logger) [bclib] Updating Pickers for BCLib - The End  BiomeSource (675aa90c)
[16:12:34] [Render thread/INFO] (Logger) [bclib] Unable to build Biome List yet
[16:12:34] [Render thread/INFO] (Logger) [bclib] No Void Biomes found. Disabling by using barrens
[16:12:34] [Render thread/INFO] (Logger) [bclib] No Barrens Biomes found. Disabling by using land Biomes
[16:12:34] [Render thread/WARN] (Logger) [bclib] No Center Island Biomes found. Forcing use of vanilla center.
[16:12:34] [Render thread/INFO] (Logger) [bclib] Updating Pickers for BCLib - Nether BiomeSource (7c7cc85c)
[16:12:34] [Render thread/INFO] (Logger) [bclib] Unable to build Biome List yet
[16:12:34] [Render thread/INFO] (Logger) [bclib] Updating Pickers for BCLib - The End  BiomeSource (25a8beb4)
[16:12:34] [Render thread/INFO] (Logger) [bclib] Unable to build Biome List yet
[16:12:34] [Render thread/INFO] (Logger) [bclib] No Void Biomes found. Disabling by using barrens
[16:12:34] [Render thread/INFO] (Logger) [bclib] No Barrens Biomes found. Disabling by using land Biomes
[16:12:34] [Render thread/WARN] (Logger) [bclib] No Center Island Biomes found. Forcing use of vanilla center.
[16:12:34] [Render thread/INFO] (Logger) [bclib] Updating Pickers for BCLib - Nether BiomeSource (48127bcc)
[16:12:34] [Render thread/INFO] (Logger) [bclib] Unable to build Biome List yet
[16:12:35] [Render thread/INFO] (Logger) [bclib] Updating Pickers for BCLib - The End  BiomeSource (d7151)
[16:12:35] [Render thread/INFO] (Logger) [bclib] Unable to build Biome List yet
[16:12:35] [Render thread/INFO] (Logger) [bclib] No Void Biomes found. Disabling by using barrens
[16:12:35] [Render thread/INFO] (Logger) [bclib] No Barrens Biomes found. Disabling by using land Biomes
[16:12:35] [Render thread/WARN] (Logger) [bclib] No Center Island Biomes found. Forcing use of vanilla center.
[16:12:35] [Render thread/INFO] (Logger) [bclib] Updating Pickers for BCLib - Nether BiomeSource (6778929b)
[16:12:35] [Render thread/INFO] (Logger) [bclib] Unable to build Biome List yet
[16:12:35] [Render thread/WARN] (Logger) [bclib] No valid Biome Registry available!
[16:12:35] [Render thread/INFO] (FabricRegistrySync) [fabric-registry-sync] Loaded registry data [file 1/4]
[16:12:35] [Render thread/INFO] (Logger) [bclib] Updating Pickers for BCLib - Nether BiomeSource (425754aa)
[16:12:35] [Render thread/INFO] (Logger) [bclib] Unable to build Biome List yet
[16:12:35] [Render thread/INFO] (Logger) [bclib] Updating Pickers for BCLib - The End  BiomeSource (2b2bc43b)
[16:12:35] [Render thread/INFO] (Logger) [bclib] Unable to build Biome List yet
[16:12:35] [Render thread/INFO] (Logger) [bclib] No Void Biomes found. Disabling by using barrens
[16:12:35] [Render thread/INFO] (Logger) [bclib] No Barrens Biomes found. Disabling by using land Biomes
[16:12:35] [Render thread/WARN] (Logger) [bclib] No Center Island Biomes found. Forcing use of vanilla center.
[16:12:35] [Worker-Main-5/ERROR] (Minecraft) Not a JSON object: null
[16:12:35] [Worker-Main-5/ERROR] (Minecraft) Couldn't read tag list minecraft:needs_diamond_tool from minecraft:tags/blocks/needs_diamond_tool.json in data pack Fabric Mods
java.lang.RuntimeException: Not a JSON object: null
	at com.mojang.serialization.DataResult.lambda$getOrThrow$4(DataResult.java:100) ~[datafixerupper-5.0.28.jar:?]
	at com.mojang.datafixers.util.Either$Right.map(Either.java:99) ~[datafixerupper-5.0.28.jar:?]
	at com.mojang.serialization.DataResult.getOrThrow(DataResult.java:93) ~[datafixerupper-5.0.28.jar:?]
	at net.minecraft.registry.tag.TagGroupLoader.loadTags(TagGroupLoader.java:56) ~[minecraft-merged-project-root-1.19.3-net.fabricmc.yarn.1_19_3.1.19.3+build.1-v2.jar:?]
	at net.minecraft.registry.tag.TagGroupLoader.load(TagGroupLoader.java:163) ~[minecraft-merged-project-root-1.19.3-net.fabricmc.yarn.1_19_3.1.19.3+build.1-v2.jar:?]
	at net.minecraft.registry.tag.TagManagerLoader.method_33181(TagManagerLoader.java:65) ~[minecraft-merged-project-root-1.19.3-net.fabricmc.yarn.1_19_3.1.19.3+build.1-v2.jar:?]
	at java.util.concurrent.CompletableFuture$AsyncSupply.run(CompletableFuture.java:1768) ~[?:?]
	at java.util.concurrent.CompletableFuture$AsyncSupply.exec(CompletableFuture.java:1760) ~[?:?]
	at java.util.concurrent.ForkJoinTask.doExec(ForkJoinTask.java:373) ~[?:?]
	at java.util.concurrent.ForkJoinPool$WorkQueue.topLevelExec(ForkJoinPool.java:1182) ~[?:?]
	at java.util.concurrent.ForkJoinPool.scan(ForkJoinPool.java:1655) ~[?:?]
	at java.util.concurrent.ForkJoinPool.runWorker(ForkJoinPool.java:1622) ~[?:?]
	at java.util.concurrent.ForkJoinWorkerThread.run(ForkJoinWorkerThread.java:165) ~[?:?]
[16:12:35] [Worker-Main-5/ERROR] (Minecraft) Not a JSON object: null
[16:12:35] [Worker-Main-5/ERROR] (Minecraft) Couldn't read tag list minecraft:needs_stone_tool from minecraft:tags/blocks/needs_stone_tool.json in data pack Fabric Mods
java.lang.RuntimeException: Not a JSON object: null
	at com.mojang.serialization.DataResult.lambda$getOrThrow$4(DataResult.java:100) ~[datafixerupper-5.0.28.jar:?]
	at com.mojang.datafixers.util.Either$Right.map(Either.java:99) ~[datafixerupper-5.0.28.jar:?]
	at com.mojang.serialization.DataResult.getOrThrow(DataResult.java:93) ~[datafixerupper-5.0.28.jar:?]
	at net.minecraft.registry.tag.TagGroupLoader.loadTags(TagGroupLoader.java:56) ~[minecraft-merged-project-root-1.19.3-net.fabricmc.yarn.1_19_3.1.19.3+build.1-v2.jar:?]
	at net.minecraft.registry.tag.TagGroupLoader.load(TagGroupLoader.java:163) ~[minecraft-merged-project-root-1.19.3-net.fabricmc.yarn.1_19_3.1.19.3+build.1-v2.jar:?]
	at net.minecraft.registry.tag.TagManagerLoader.method_33181(TagManagerLoader.java:65) ~[minecraft-merged-project-root-1.19.3-net.fabricmc.yarn.1_19_3.1.19.3+build.1-v2.jar:?]
	at java.util.concurrent.CompletableFuture$AsyncSupply.run(CompletableFuture.java:1768) ~[?:?]
	at java.util.concurrent.CompletableFuture$AsyncSupply.exec(CompletableFuture.java:1760) ~[?:?]
	at java.util.concurrent.ForkJoinTask.doExec(ForkJoinTask.java:373) ~[?:?]
	at java.util.concurrent.ForkJoinPool$WorkQueue.topLevelExec(ForkJoinPool.java:1182) ~[?:?]
	at java.util.concurrent.ForkJoinPool.scan(ForkJoinPool.java:1655) ~[?:?]
	at java.util.concurrent.ForkJoinPool.runWorker(ForkJoinPool.java:1622) ~[?:?]
	at java.util.concurrent.ForkJoinWorkerThread.run(ForkJoinWorkerThread.java:165) ~[?:?]
[16:12:35] [Worker-Main-5/ERROR] (Minecraft) Not a JSON object: null
[16:12:35] [Worker-Main-5/ERROR] (Minecraft) Couldn't read tag list fabric:needs_tool_level_4 from fabric:tags/blocks/needs_tool_level_4.json in data pack Fabric Mods
java.lang.RuntimeException: Not a JSON object: null
	at com.mojang.serialization.DataResult.lambda$getOrThrow$4(DataResult.java:100) ~[datafixerupper-5.0.28.jar:?]
	at com.mojang.datafixers.util.Either$Right.map(Either.java:99) ~[datafixerupper-5.0.28.jar:?]
	at com.mojang.serialization.DataResult.getOrThrow(DataResult.java:93) ~[datafixerupper-5.0.28.jar:?]
	at net.minecraft.registry.tag.TagGroupLoader.loadTags(TagGroupLoader.java:56) ~[minecraft-merged-project-root-1.19.3-net.fabricmc.yarn.1_19_3.1.19.3+build.1-v2.jar:?]
	at net.minecraft.registry.tag.TagGroupLoader.load(TagGroupLoader.java:163) ~[minecraft-merged-project-root-1.19.3-net.fabricmc.yarn.1_19_3.1.19.3+build.1-v2.jar:?]
	at net.minecraft.registry.tag.TagManagerLoader.method_33181(TagManagerLoader.java:65) ~[minecraft-merged-project-root-1.19.3-net.fabricmc.yarn.1_19_3.1.19.3+build.1-v2.jar:?]
	at java.util.concurrent.CompletableFuture$AsyncSupply.run(CompletableFuture.java:1768) ~[?:?]
	at java.util.concurrent.CompletableFuture$AsyncSupply.exec(CompletableFuture.java:1760) ~[?:?]
	at java.util.concurrent.ForkJoinTask.doExec(ForkJoinTask.java:373) ~[?:?]
	at java.util.concurrent.ForkJoinPool$WorkQueue.topLevelExec(ForkJoinPool.java:1182) ~[?:?]
	at java.util.concurrent.ForkJoinPool.scan(ForkJoinPool.java:1655) ~[?:?]
	at java.util.concurrent.ForkJoinPool.runWorker(ForkJoinPool.java:1622) ~[?:?]
	at java.util.concurrent.ForkJoinWorkerThread.run(ForkJoinWorkerThread.java:165) ~[?:?]
[16:12:35] [Render thread/INFO] (Minecraft) Loaded 7 recipes
[16:12:36] [Render thread/INFO] (Minecraft) Loaded 1856 advancements
[16:12:37] [Render thread/INFO] (Logger) [bclib] Updating Pickers for BCLib - Nether BiomeSource (2fc8223a)
[16:12:38] [Render thread/INFO] (Logger) [bclib] Updating Pickers for BCLib - The End  BiomeSource (7d5c532c)
[16:12:38] [Render thread/INFO] (Logger) [bclib] Enforcing Correct Generator for minecraft:the_end.
[16:12:38] [Render thread/INFO] (Logger) [bclib] Updating Pickers for BCLib - The End  BiomeSource (7d5c532c)
[16:12:38] [Render thread/INFO] (Logger) [bclib] Enforcing Correct Generator for minecraft:the_nether.
[16:12:38] [Render thread/INFO] (Logger) [bclib] Updating Pickers for BCLib - Nether BiomeSource (2fc8223a)
[16:12:38] [Render thread/INFO] (Logger) [worlds_together] Loading originally configured Dimensions in World.
[16:12:38] [Render thread/INFO] (BiomeModificationImpl) Applied 0 biome modifications to 0 of 88 new biomes in 2.550 ms
[16:12:38] [Server thread/INFO] (Minecraft) Starting integrated minecraft server version 1.19.3
[16:12:38] [Server thread/INFO] (Minecraft) Generating keypair
[16:12:38] [Server thread/INFO] (Logger) [bclib] 
Apply Modifications for minecraft:overworld
    FixedBiomeSource (2a756835)
        biomes     = 1
        namespaces = minecraft
[16:12:38] [Server thread/INFO] (Logger) [bclib] 
Apply Modifications for minecraft:the_end
    BCLib - The End  BiomeSource (7d5c532c)
        biomes     = 24
        namespaces = betterend, minecraft
        seed       = 0
        height     = 128
        deciders   = 1
        config     = BCLEndBiomeSourceConfig{mapVersion=hex, generatorVersion=paulevs, withVoidBiomes=true, innerVoidRadiusSquared=1048576, voidBiomesSize=256, centerBiomesSize=256, landBiomesSize=256, barrensBiomesSize=256}
[16:12:38] [Server thread/INFO] (Logger) [bclib] 
Apply Modifications for minecraft:the_nether
    BCLib - Nether BiomeSource (2fc8223a)
        biomes     = 5
        namespaces = minecraft
        seed       = 0
        height     = 128
        config     = BCLibNetherBiomeSourceConfig{mapVersion=hex, useVerticalBiomes=true, amplified=false, biomeSize=256, biomeSizeVertical=86}
[16:12:38] [Server thread/INFO] (Logger) [bclib] World Dimensions: 
 - minecraft:overworld: 
     net.minecraft.world.gen.chunk.FlatChunkGenerator@5ea7944 
     FixedBiomeSource (2a756835)
         biomes     = 1
         namespaces = minecraft
 - minecraft:the_end: 
     BCLib - Chunk Generator (7ed2bcaa) 
     BCLib - The End  BiomeSource (7d5c532c)
         biomes     = 24
         namespaces = betterend, minecraft
         seed       = 0
         height     = 128
         deciders   = 1
         config     = BCLEndBiomeSourceConfig{mapVersion=hex, generatorVersion=paulevs, withVoidBiomes=true, innerVoidRadiusSquared=1048576, voidBiomesSize=256, centerBiomesSize=256, landBiomesSize=256, barrensBiomesSize=256}
 - minecraft:the_nether: 
     BCLib - Chunk Generator (1ffee94f) 
     BCLib - Nether BiomeSource (2fc8223a)
         biomes     = 5
         namespaces = minecraft
         seed       = 0
         height     = 128
         config     = BCLibNetherBiomeSourceConfig{mapVersion=hex, useVerticalBiomes=true, amplified=false, biomeSize=256, biomeSizeVertical=86}
[16:12:38] [Server thread/INFO] (Minecraft) Preparing start region for dimension minecraft:overworld
[16:12:41] [Render thread/INFO] (Minecraft) Kezd?terület el?készítése: 0%
[16:12:41] [Render thread/INFO] (Minecraft) Kezd?terület el?készítése: 0%
[16:12:41] [Render thread/INFO] (Minecraft) Kezd?terület el?készítése: 0%
[16:12:41] [Render thread/INFO] (Minecraft) Kezd?terület el?készítése: 0%
[16:12:41] [Render thread/INFO] (Minecraft) Kezd?terület el?készítése: 0%
[16:12:41] [Render thread/INFO] (Minecraft) Kezd?terület el?készítése: 0%
[16:12:41] [Render thread/INFO] (Minecraft) Kezd?terület el?készítése: 0%
[16:12:42] [Render thread/INFO] (Minecraft) Kezd?terület el?készítése: 17%
[16:12:42] [Render thread/INFO] (Minecraft) Kezd?terület el?készítése: 68%
[16:12:43] [Render thread/INFO] (Minecraft) Time elapsed: 4398 ms
[16:12:43] [Server thread/INFO] (Minecraft) Changing view distance to 2, from 10
[16:12:43] [Server thread/INFO] (Minecraft) Changing simulation distance to 5, from 0
[16:12:44] [Server thread/INFO] (Minecraft) Player871[local:E:2428f1ea] logged in with entity id 49 at (-1.903528035185891, -56.0, 6.283733746223381)
[16:12:44] [Server thread/INFO] (Minecraft) Player871 csatlakozott a játékhoz
[16:12:45] [Render thread/WARN] (FabricLoader/Mixin) Mixin bclib.mixins.client.json:SignEditScreenMixin from mod bclib has multiple constructors, (Lnet/minecraft/block/entity/SignBlockEntity;Z)V was selected
[16:12:45] [Render thread/INFO] (Logger) [bclib] Sending hello to server.
[16:12:45] [Server thread/INFO] (Minecraft) Player871 megtette a(z) [Üsd, amíg meleg] el?relépést
[16:12:45] [Server thread/INFO] (Logger) [bclib] Received Hello from Client. (server=2.2.4, client=2.2.4)
[16:12:45] [Server thread/INFO] (Logger) [bclib] Auto-Sync is disabled for Singleplayer worlds.
[16:12:45] [Render thread/INFO] (Minecraft) [System] [CHAT] Player871 megtette a(z) [Üsd, amíg meleg] el?relépést
[16:12:46] [Render thread/INFO] (Minecraft) Loaded 56 advancements
[16:12:46] [Render thread/INFO] (Minecraft) Loaded 64 advancements
[16:12:47] [Server thread/INFO] (Minecraft) Saving and pausing game...
[16:12:47] [Server thread/INFO] (Minecraft) Saving chunks for level 'ServerLevel[New World]'/minecraft:overworld
[16:12:47] [Server thread/INFO] (Minecraft) Saving chunks for level 'ServerLevel[New World]'/minecraft:the_end
[16:12:47] [Server thread/INFO] (Minecraft) Saving chunks for level 'ServerLevel[New World]'/minecraft:the_nether
[16:13:06] [Server thread/INFO] (Minecraft) Saving and pausing game...
[16:13:06] [Server thread/INFO] (Minecraft) Saving chunks for level 'ServerLevel[New World]'/minecraft:overworld
[16:13:06] [Server thread/INFO] (Minecraft) Saving chunks for level 'ServerLevel[New World]'/minecraft:the_end
[16:13:06] [Server thread/INFO] (Minecraft) Saving chunks for level 'ServerLevel[New World]'/minecraft:the_nether
[16:13:10] [Render thread/INFO] (Minecraft) Stopping!
[16:13:11] [Server thread/INFO] (Minecraft) Player871 lost connection: Megszakadt a kapcsolat
[16:13:11] [Server thread/INFO] (Minecraft) Player871 elhagyta a játékot
[16:13:11] [Server thread/INFO] (Minecraft) Stopping singleplayer server as player logged out
[16:13:11] [Server thread/INFO] (Minecraft) Stopping server
[16:13:11] [Server thread/INFO] (Minecraft) Saving players
[16:13:11] [Server thread/INFO] (Minecraft) Saving worlds
[16:13:11] [Server thread/INFO] (Minecraft) Saving chunks for level 'ServerLevel[New World]'/minecraft:overworld
[16:13:14] [Server thread/INFO] (Minecraft) Saving chunks for level 'ServerLevel[New World]'/minecraft:the_end
[16:13:14] [Server thread/INFO] (Minecraft) Saving chunks for level 'ServerLevel[New World]'/minecraft:the_nether
[16:13:14] [Server thread/INFO] (Minecraft) ThreadedAnvilChunkStorage (New World (1)): All chunks are saved
[16:13:14] [Server thread/INFO] (Minecraft) ThreadedAnvilChunkStorage (DIM1): All chunks are saved
[16:13:14] [Server thread/INFO] (Minecraft) ThreadedAnvilChunkStorage (DIM-1): All chunks are saved
[16:13:14] [Server thread/INFO] (Minecraft) ThreadedAnvilChunkStorage: All dimensions are saved
