[00:30:31] [REI-ReloadPlugins/ERROR] [REI] Failed to collect creative tab: net.minecraft.item.ItemGroup@411151ad
java.lang.ExceptionInInitializerError
	at net.me.skyblock.blocks_and_items.ModCreativeInventoryGroups.lambda$static$1(ModCreativeInventoryGroups.java:21)
	at me.shedaniel.rei.impl.client.fabric.CreativeModeTabCollectorImpl.collectTabs(CreativeModeTabCollectorImpl.java:56)
	at java.base/jdk.internal.reflect.NativeMethodAccessorImpl.invoke0(Native Method)
	at java.base/jdk.internal.reflect.NativeMethodAccessorImpl.invoke(NativeMethodAccessorImpl.java:77)
	at java.base/jdk.internal.reflect.DelegatingMethodAccessorImpl.invoke(DelegatingMethodAccessorImpl.java:43)
	at java.base/java.lang.reflect.Method.invoke(Method.java:568)
	at me.shedaniel.rei.plugin.client.DefaultClientPlugin.collectTabs(DefaultClientPlugin.java:174)
	at me.shedaniel.rei.plugin.client.DefaultClientPlugin.registerEntries(DefaultClientPlugin.java:135)
	at me.shedaniel.rei.impl.common.entry.type.EntryRegistryImpl.acceptPlugin(EntryRegistryImpl.java:69)
	at me.shedaniel.rei.impl.common.entry.type.EntryRegistryImpl.acceptPlugin(EntryRegistryImpl.java:51)
	at me.shedaniel.rei.api.common.registry.Reloadable.acceptPlugin(Reloadable.java:78)
	at me.shedaniel.rei.impl.common.plugins.PluginManagerImpl.lambda$startReload$9(PluginManagerImpl.java:417)
	at me.shedaniel.rei.impl.common.plugins.PluginManagerImpl.lambda$pluginSection$4(PluginManagerImpl.java:199)
	at me.shedaniel.rei.impl.common.plugins.PluginManagerImpl.lambda$startReload$10(PluginManagerImpl.java:407)
	at me.shedaniel.rei.impl.common.plugins.PluginManagerImpl.pluginSection(PluginManagerImpl.java:197)
	at me.shedaniel.rei.impl.common.plugins.PluginManagerImpl.startReload(PluginManagerImpl.java:405)
	at me.shedaniel.rei.RoughlyEnoughItemsCore._reloadPlugins(RoughlyEnoughItemsCore.java:162)
	at me.shedaniel.rei.RoughlyEnoughItemsCoreClient.lambda$reloadPlugins$25(RoughlyEnoughItemsCoreClient.java:485)
	at java.base/java.util.concurrent.CompletableFuture$AsyncRun.run(CompletableFuture.java:1804)
	at java.base/java.util.concurrent.Executors$RunnableAdapter.call(Executors.java:539)
	at java.base/java.util.concurrent.FutureTask.run(FutureTask.java:264)
	at java.base/java.util.concurrent.ScheduledThreadPoolExecutor$ScheduledFutureTask.run(ScheduledThreadPoolExecutor.java:304)
	at java.base/java.util.concurrent.ThreadPoolExecutor.runWorker(ThreadPoolExecutor.java:1136)
	at java.base/java.util.concurrent.ThreadPoolExecutor$Worker.run(ThreadPoolExecutor.java:635)
	at java.base/java.lang.Thread.run(Thread.java:833)
Caused by: java.lang.IllegalStateException: This registry can't create intrusive holders
	at net.minecraft.registry.SimpleRegistry.createEntry(SimpleRegistry.java:371)
	at net.minecraft.item.Item.<init>(Item.java:65)
	at net.me.skyblock.blocks_and_items.items.util.GhostItems.<clinit>(GhostItems.java:15)
	... 25 more
